rm -f libk.a *.a
rm -f  stdio/printf.o stdio/putchar.o stdio/puts.o stdlib/abort.o string/memcmp.o string/memcpy.o string/memmove.o string/memset.o string/strlen.o  \   stdio/printf.libk.o stdio/putchar.libk.o stdio/puts.libk.o stdlib/abort.libk.o string/memcmp.libk.o string/memcpy.libk.o string/memmove.libk.o string/memset.libk.o string/strlen.libk.o *.o */*.o */*/*.o
rm -f stdio/printf.d stdio/putchar.d stdio/puts.d stdlib/abort.d string/memcmp.d string/memcpy.d string/memmove.d string/memset.d string/strlen.d \ stdio/printf.libk.d stdio/putchar.libk.d stdio/puts.libk.d stdlib/abort.libk.d string/memcmp.libk.d string/memcpy.libk.d string/memmove.libk.d string/memset.libk.d string/strlen.libk.d *.d */*.d */*/*.d
rm -f DualFuse.kernel
rm -f arch/i386/crti.o arch/i386/crtbegin.o arch/i386/boot.o arch/i386/tty.o \ kernel/kernel.o  arch/i386/crtend.o arch/i386/crtn.o  *.o */*.o */*/*.o
rm -f arch/i386/crti.d arch/i386/crtbegin.d arch/i386/boot.d arch/i386/tty.d \ kernel/kernel.d arch/i386/crtend.d arch/i386/crtn.d *.d */*.d */*/*.d
mkdir -p /home/yasser/progs/Dualfuse/sysroot/home/yasser/progs/include
cp -R --preserve=timestamps include/. /home/yasser/progs/Dualfuse/sysroot/home/yasser/progs/include/.
mkdir -p /home/yasser/progs/Dualfuse/sysroot/home/yasser/progs/include
cp -R --preserve=timestamps include/. /home/yasser/progs/Dualfuse/sysroot/home/yasser/progs/include/.
mkdir -p /home/yasser/progs/Dualfuse/sysroot/home/yasser/progs/include
cp -R --preserve=timestamps include/. /home/yasser/progs/Dualfuse/sysroot/home/yasser/progs/include/.
mkdir -p /home/yasser/progs/Dualfuse/sysroot/home/yasser/progs/include
cp -R --preserve=timestamps include/. /home/yasser/progs/Dualfuse/sysroot/home/yasser/progs/include/.
mkdir -p /home/yasser/progs/Dualfuse/sysroot/home/yasser/progs/include
cp -R --preserve=timestamps include/. /home/yasser/progs/Dualfuse/sysroot/home/yasser/progs/include/.
i686-elf-g++ -MD -c stdio/printf.cpp -o stdio/printf.libk.o -std=gnu11 -O2 -g -ffreestanding -Wall -Wextra -nostdlib -fno-exceptions -fno-rtti -std=c++11   -D__is_libc -Iinclude -D__is_libk 
mkdir -p /home/yasser/progs/Dualfuse/sysroot/home/yasser/progs/include
cp -R --preserve=timestamps include/. /home/yasser/progs/Dualfuse/sysroot/home/yasser/progs/include/.
mkdir -p /home/yasser/progs/Dualfuse/sysroot/home/yasser/progs/include
cp -R --preserve=timestamps include/. /home/yasser/progs/Dualfuse/sysroot/home/yasser/progs/include/.
mkdir -p /home/yasser/progs/Dualfuse/sysroot/home/yasser/progs/include
cp -R --preserve=timestamps include/. /home/yasser/progs/Dualfuse/sysroot/home/yasser/progs/include/.
i686-elf-g++ -MD -c stdio/printf.cpp -o stdio/printf.libk.o -std=gnu11 -O2 -g -ffreestanding -Wall -Wextra -nostdlib -fno-exceptions -fno-rtti -std=c++11   -D__is_libc -Iinclude -D__is_libk 
