mkdir -p /home/yasser/progs/DualFuse/sysroot/usr/include
cp -R --preserve=timestamps include/. /home/yasser/progs/DualFuse/sysroot/usr/include/.
mkdir -p /home/yasser/progs/DualFuse/sysroot/usr/include
cp -R --preserve=timestamps arch/x86_64/include/. /home/yasser/progs/DualFuse/sysroot/usr/include/.
mkdir -p /home/yasser/progs/DualFuse/sysroot/usr/include
cp -R --preserve=timestamps include/. /home/yasser/progs/DualFuse/sysroot/usr/include/.
x86_64-elf-g++ --sysroot=/home/yasser/progs/DualFuse/sysroot -isystem=/usr/include -MD -c stdio/printf.cpp -o stdio/printf.libk.o -O2 -g -ffreestanding -Wall -Wextra -nostdlib -fno-exceptions -fno-rtti -fstack-protector-all -std=c++11   -D__is_libc -Iinclude -D__is_libk 
x86_64-elf-g++ --sysroot=/home/yasser/progs/DualFuse/sysroot -isystem=/usr/include -MD -c stdio/putchar.cpp -o stdio/putchar.libk.o -O2 -g -ffreestanding -Wall -Wextra -nostdlib -fno-exceptions -fno-rtti -fstack-protector-all -std=c++11   -D__is_libc -Iinclude -D__is_libk 
x86_64-elf-g++ --sysroot=/home/yasser/progs/DualFuse/sysroot -isystem=/usr/include -MD -c stdio/puts.cpp -o stdio/puts.libk.o -O2 -g -ffreestanding -Wall -Wextra -nostdlib -fno-exceptions -fno-rtti -fstack-protector-all -std=c++11   -D__is_libc -Iinclude -D__is_libk 
x86_64-elf-g++ --sysroot=/home/yasser/progs/DualFuse/sysroot -isystem=/usr/include -MD -c stdio/to_string.cpp -o stdio/to_string.libk.o -O2 -g -ffreestanding -Wall -Wextra -nostdlib -fno-exceptions -fno-rtti -fstack-protector-all -std=c++11   -D__is_libc -Iinclude -D__is_libk 
x86_64-elf-g++ --sysroot=/home/yasser/progs/DualFuse/sysroot -isystem=/usr/include -MD -c stdio/toupper.cpp -o stdio/toupper.libk.o -O2 -g -ffreestanding -Wall -Wextra -nostdlib -fno-exceptions -fno-rtti -fstack-protector-all -std=c++11   -D__is_libc -Iinclude -D__is_libk 
x86_64-elf-g++ --sysroot=/home/yasser/progs/DualFuse/sysroot -isystem=/usr/include -MD -c stdlib/abort.cpp -o stdlib/abort.libk.o -O2 -g -ffreestanding -Wall -Wextra -nostdlib -fno-exceptions -fno-rtti -fstack-protector-all -std=c++11   -D__is_libc -Iinclude -D__is_libk 
x86_64-elf-g++ --sysroot=/home/yasser/progs/DualFuse/sysroot -isystem=/usr/include -MD -c stdlib/ssp.cpp -o stdlib/ssp.libk.o -O2 -g -ffreestanding -Wall -Wextra -nostdlib -fno-exceptions -fno-rtti -fstack-protector-all -std=c++11   -D__is_libc -Iinclude -D__is_libk 
x86_64-elf-g++ --sysroot=/home/yasser/progs/DualFuse/sysroot -isystem=/usr/include -MD -c string/memcmp.cpp -o string/memcmp.libk.o -O2 -g -ffreestanding -Wall -Wextra -nostdlib -fno-exceptions -fno-rtti -fstack-protector-all -std=c++11   -D__is_libc -Iinclude -D__is_libk 
x86_64-elf-g++ --sysroot=/home/yasser/progs/DualFuse/sysroot -isystem=/usr/include -MD -c string/memcpy.cpp -o string/memcpy.libk.o -O2 -g -ffreestanding -Wall -Wextra -nostdlib -fno-exceptions -fno-rtti -fstack-protector-all -std=c++11   -D__is_libc -Iinclude -D__is_libk 
x86_64-elf-g++ --sysroot=/home/yasser/progs/DualFuse/sysroot -isystem=/usr/include -MD -c string/memmove.cpp -o string/memmove.libk.o -O2 -g -ffreestanding -Wall -Wextra -nostdlib -fno-exceptions -fno-rtti -fstack-protector-all -std=c++11   -D__is_libc -Iinclude -D__is_libk 
x86_64-elf-g++ --sysroot=/home/yasser/progs/DualFuse/sysroot -isystem=/usr/include -MD -c string/memset.cpp -o string/memset.libk.o -O2 -g -ffreestanding -Wall -Wextra -nostdlib -fno-exceptions -fno-rtti -fstack-protector-all -std=c++11   -D__is_libc -Iinclude -D__is_libk 
x86_64-elf-g++ --sysroot=/home/yasser/progs/DualFuse/sysroot -isystem=/usr/include -MD -c string/strlen.cpp -o string/strlen.libk.o -O2 -g -ffreestanding -Wall -Wextra -nostdlib -fno-exceptions -fno-rtti -fstack-protector-all -std=c++11   -D__is_libc -Iinclude -D__is_libk 
x86_64-elf-g++ --sysroot=/home/yasser/progs/DualFuse/sysroot -isystem=/usr/include -MD -c string/strcpy.cpp -o string/strcpy.libk.o -O2 -g -ffreestanding -Wall -Wextra -nostdlib -fno-exceptions -fno-rtti -fstack-protector-all -std=c++11   -D__is_libc -Iinclude -D__is_libk 
x86_64-elf-g++ --sysroot=/home/yasser/progs/DualFuse/sysroot -isystem=/usr/include -MD -c string/strcat.cpp -o string/strcat.libk.o -O2 -g -ffreestanding -Wall -Wextra -nostdlib -fno-exceptions -fno-rtti -fstack-protector-all -std=c++11   -D__is_libc -Iinclude -D__is_libk 
x86_64-elf-ar rcs libk.a stdio/printf.libk.o stdio/putchar.libk.o stdio/puts.libk.o stdio/to_string.libk.o stdio/toupper.libk.o stdlib/abort.libk.o stdlib/ssp.libk.o string/memcmp.libk.o string/memcpy.libk.o string/memmove.libk.o string/memset.libk.o string/strlen.libk.o string/strcpy.libk.o string/strcat.libk.o
mkdir -p /home/yasser/progs/DualFuse/sysroot/usr/lib
cp libk.a /home/yasser/progs/DualFuse/sysroot/usr/lib
mkdir -p /home/yasser/progs/DualFuse/sysroot/usr/include
cp -R --preserve=timestamps arch/x86_64/include/. /home/yasser/progs/DualFuse/sysroot/usr/include/.
nasm -f elf64 arch/x86_64/crti.S -o arch/x86_64/crti.o
OBJ=`x86_64-elf-g++ --sysroot=/home/yasser/progs/DualFuse/sysroot -isystem=/usr/include -O2 -g -ffreestanding -Wall -Wextra -nostdlib -fno-exceptions -fno-rtti -fstack-protector-all -fpermissive -mcmodel=large -mno-red-zone -mno-mmx -mno-sse -mno-sse2 -z max-page-size=0x1000    -print-file-name=crtbegin.o` && cp "$OBJ" arch/x86_64/crtbegin.o
nasm -f elf64 arch/x86_64/boot.S -o arch/x86_64/boot.o
x86_64-elf-g++ --sysroot=/home/yasser/progs/DualFuse/sysroot -isystem=/usr/include -MD -c  -D__is_kernel -Iinclude  -O2 -g -ffreestanding -Wall -Wextra -nostdlib -fno-exceptions -fno-rtti -fstack-protector-all -fpermissive -mcmodel=large -mno-red-zone -mno-mmx -mno-sse -mno-sse2 -z max-page-size=0x1000  arch/x86_64/tty.cpp -o arch/x86_64/tty.o 
x86_64-elf-g++ --sysroot=/home/yasser/progs/DualFuse/sysroot -isystem=/usr/include -MD -c  -D__is_kernel -Iinclude  -O2 -g -ffreestanding -Wall -Wextra -nostdlib -fno-exceptions -fno-rtti -fstack-protector-all -fpermissive -mcmodel=large -mno-red-zone -mno-mmx -mno-sse -mno-sse2 -z max-page-size=0x1000  arch/x86_64/serialio.cpp -o arch/x86_64/serialio.o 
x86_64-elf-g++ --sysroot=/home/yasser/progs/DualFuse/sysroot -isystem=/usr/include -MD -c  -D__is_kernel -Iinclude  -O2 -g -ffreestanding -Wall -Wextra -nostdlib -fno-exceptions -fno-rtti -fstack-protector-all -fpermissive -mcmodel=large -mno-red-zone -mno-mmx -mno-sse -mno-sse2 -z max-page-size=0x1000  arch/x86_64/serial.cpp -o arch/x86_64/serial.o 
x86_64-elf-g++ --sysroot=/home/yasser/progs/DualFuse/sysroot -isystem=/usr/include -MD -c  -D__is_kernel -Iinclude  -O2 -g -ffreestanding -Wall -Wextra -nostdlib -fno-exceptions -fno-rtti -fstack-protector-all -fpermissive -mcmodel=large -mno-red-zone -mno-mmx -mno-sse -mno-sse2 -z max-page-size=0x1000  arch/x86_64/utility/inPortByte.cpp -o arch/x86_64/utility/inPortByte.o 
x86_64-elf-g++ --sysroot=/home/yasser/progs/DualFuse/sysroot -isystem=/usr/include -MD -c  -D__is_kernel -Iinclude  -O2 -g -ffreestanding -Wall -Wextra -nostdlib -fno-exceptions -fno-rtti -fstack-protector-all -fpermissive -mcmodel=large -mno-red-zone -mno-mmx -mno-sse -mno-sse2 -z max-page-size=0x1000  arch/x86_64/utility/outPortByte.cpp -o arch/x86_64/utility/outPortByte.o 
x86_64-elf-g++ --sysroot=/home/yasser/progs/DualFuse/sysroot -isystem=/usr/include -MD -c  -D__is_kernel -Iinclude  -O2 -g -ffreestanding -Wall -Wextra -nostdlib -fno-exceptions -fno-rtti -fstack-protector-all -fpermissive -mcmodel=large -mno-red-zone -mno-mmx -mno-sse -mno-sse2 -z max-page-size=0x1000  kernel/kernel.cpp -o kernel/kernel.o 
OBJ=`x86_64-elf-g++ --sysroot=/home/yasser/progs/DualFuse/sysroot -isystem=/usr/include -O2 -g -ffreestanding -Wall -Wextra -nostdlib -fno-exceptions -fno-rtti -fstack-protector-all -fpermissive -mcmodel=large -mno-red-zone -mno-mmx -mno-sse -mno-sse2 -z max-page-size=0x1000    -print-file-name=crtend.o` && cp "$OBJ" arch/x86_64/crtend.o
nasm -f elf64 arch/x86_64/crtn.S -o arch/x86_64/crtn.o
x86_64-elf-g++ --sysroot=/home/yasser/progs/DualFuse/sysroot -isystem=/usr/include -T arch/x86_64/linker.ld -o DualFuse.kernel -O2 -g -ffreestanding -Wall -Wextra -nostdlib -fno-exceptions -fno-rtti -fstack-protector-all -fpermissive -mcmodel=large -mno-red-zone -mno-mmx -mno-sse -mno-sse2 -z max-page-size=0x1000    arch/x86_64/crti.o arch/x86_64/crtbegin.o arch/x86_64/boot.o arch/x86_64/tty.o arch/x86_64/serialio.o arch/x86_64/serial.o arch/x86_64/utility/inPortByte.o arch/x86_64/utility/outPortByte.o  kernel/kernel.o   -nostdlib -lk -lgcc  arch/x86_64/crtend.o arch/x86_64/crtn.o 
grub-file --is-x86-multiboot DualFuse.kernel
mkdir -p /home/yasser/progs/DualFuse/sysroot/boot
cp DualFuse.kernel /home/yasser/progs/DualFuse/sysroot/boot
