mkdir -p /home/yasser/progs/DualFuse/sysroot/usr/include
cp -R --preserve=timestamps include/. /home/yasser/progs/DualFuse/sysroot/usr/include/.
mkdir -p /home/yasser/progs/DualFuse/sysroot/usr/include
cp -R --preserve=timestamps include/. /home/yasser/progs/DualFuse/sysroot/usr/include/.
mkdir -p /home/yasser/progs/DualFuse/sysroot/usr/include
cp -R --preserve=timestamps include/. /home/yasser/progs/DualFuse/sysroot/usr/include/.
mkdir -p /home/yasser/progs/DualFuse/sysroot/usr/lib
cp libk.a /home/yasser/progs/DualFuse/sysroot/usr/lib
mkdir -p /home/yasser/progs/DualFuse/sysroot/usr/include
cp -R --preserve=timestamps include/. /home/yasser/progs/DualFuse/sysroot/usr/include/.
mkdir -p /home/yasser/progs/DualFuse/sysroot/boot
cp DualFuse.kernel /home/yasser/progs/DualFuse/sysroot/boot
GNU gdb (Ubuntu 12.1-0ubuntu1~22.04) 12.1
Copyright (C) 2022 Free Software Foundation, Inc.
License GPLv3+: GNU GPL version 3 or later <http://gnu.org/licenses/gpl.html>
This is free software: you are free to change and redistribute it.
There is NO WARRANTY, to the extent permitted by law.
Type "show copying" and "show warranty" for details.
This GDB was configured as "x86_64-linux-gnu".
Type "show configuration" for configuration details.
For bug reporting instructions, please see:
<https://www.gnu.org/software/gdb/bugs/>.
Find the GDB manual and other documentation resources online at:
    <http://www.gnu.org/software/gdb/documentation/>.

For help, type "help".
Type "apropos word" to search for commands related to "word".
[?2004h(gdb) 